{"/Users/arpit/Downloads/bbbc/src/App.js": {"path":"/Users/arpit/Downloads/bbbc/src/App.js","statementMap":{"0":{"start":{"line":8,"column":2},"end":{"line":14,"column":4}}},"fnMap":{"0":{"name":"App","decl":{"start":{"line":7,"column":9},"end":{"line":7,"column":12}},"loc":{"start":{"line":7,"column":15},"end":{"line":15,"column":1}},"line":7}},"branchMap":{},"s":{"0":1},"f":{"0":1},"b":{},"_coverageSchema":"1a1c01bbd47fc00a2c39e90264f33305004495a9","hash":"b773325458b7ff3fb31bab8a0c9d9d83da9a1772"}
,"/Users/arpit/Downloads/bbbc/src/index.js": {"path":"/Users/arpit/Downloads/bbbc/src/index.js","statementMap":{"0":{"start":{"line":7,"column":0},"end":{"line":12,"column":2}},"1":{"start":{"line":17,"column":0},"end":{"line":17,"column":18}}},"fnMap":{},"branchMap":{},"s":{"0":0,"1":0},"f":{},"b":{}}
,"/Users/arpit/Downloads/bbbc/src/reportWebVitals.js": {"path":"/Users/arpit/Downloads/bbbc/src/reportWebVitals.js","statementMap":{"0":{"start":{"line":1,"column":24},"end":{"line":11,"column":1}},"1":{"start":{"line":2,"column":2},"end":{"line":10,"column":3}},"2":{"start":{"line":3,"column":4},"end":{"line":9,"column":7}},"3":{"start":{"line":4,"column":6},"end":{"line":4,"column":26}},"4":{"start":{"line":5,"column":6},"end":{"line":5,"column":26}},"5":{"start":{"line":6,"column":6},"end":{"line":6,"column":26}},"6":{"start":{"line":7,"column":6},"end":{"line":7,"column":26}},"7":{"start":{"line":8,"column":6},"end":{"line":8,"column":27}}},"fnMap":{"0":{"name":"(anonymous_0)","decl":{"start":{"line":1,"column":24},"end":{"line":1,"column":25}},"loc":{"start":{"line":1,"column":39},"end":{"line":11,"column":1}},"line":1},"1":{"name":"(anonymous_1)","decl":{"start":{"line":3,"column":30},"end":{"line":3,"column":31}},"loc":{"start":{"line":3,"column":79},"end":{"line":9,"column":5}},"line":3}},"branchMap":{"0":{"loc":{"start":{"line":2,"column":2},"end":{"line":10,"column":3}},"type":"if","locations":[{"start":{"line":2,"column":2},"end":{"line":10,"column":3}},{"start":{},"end":{}}],"line":2},"1":{"loc":{"start":{"line":2,"column":6},"end":{"line":2,"column":52}},"type":"binary-expr","locations":[{"start":{"line":2,"column":6},"end":{"line":2,"column":17}},{"start":{"line":2,"column":21},"end":{"line":2,"column":52}}],"line":2}},"s":{"0":0,"1":0,"2":0,"3":0,"4":0,"5":0,"6":0,"7":0},"f":{"0":0,"1":0},"b":{"0":[0,0],"1":[0,0]}}
,"/Users/arpit/Downloads/bbbc/src/Components/Home/Home.jsx": {"path":"/Users/arpit/Downloads/bbbc/src/Components/Home/Home.jsx","statementMap":{"0":{"start":{"line":13,"column":25},"end":{"line":13,"column":36}},"1":{"start":{"line":15,"column":13},"end":{"line":78,"column":1}},"2":{"start":{"line":17,"column":28},"end":{"line":17,"column":40}},"3":{"start":{"line":18,"column":28},"end":{"line":18,"column":40}},"4":{"start":{"line":19,"column":28},"end":{"line":19,"column":40}},"5":{"start":{"line":20,"column":36},"end":{"line":20,"column":50}},"6":{"start":{"line":22,"column":24},"end":{"line":46,"column":3}},"7":{"start":{"line":23,"column":4},"end":{"line":23,"column":21}},"8":{"start":{"line":24,"column":24},"end":{"line":24,"column":45}},"9":{"start":{"line":26,"column":4},"end":{"line":29,"column":5}},"10":{"start":{"line":27,"column":6},"end":{"line":27,"column":42}},"11":{"start":{"line":28,"column":6},"end":{"line":28,"column":26}},"12":{"start":{"line":30,"column":4},"end":{"line":32,"column":5}},"13":{"start":{"line":31,"column":6},"end":{"line":31,"column":42}},"14":{"start":{"line":33,"column":4},"end":{"line":35,"column":5}},"15":{"start":{"line":34,"column":6},"end":{"line":34,"column":42}},"16":{"start":{"line":36,"column":4},"end":{"line":38,"column":5}},"17":{"start":{"line":37,"column":6},"end":{"line":37,"column":42}},"18":{"start":{"line":39,"column":4},"end":{"line":42,"column":5}},"19":{"start":{"line":40,"column":6},"end":{"line":40,"column":39}},"20":{"start":{"line":41,"column":6},"end":{"line":41,"column":26}},"21":{"start":{"line":43,"column":4},"end":{"line":45,"column":5}},"22":{"start":{"line":44,"column":6},"end":{"line":44,"column":42}},"23":{"start":{"line":48,"column":22},"end":{"line":52,"column":3}},"24":{"start":{"line":49,"column":4},"end":{"line":51,"column":5}},"25":{"start":{"line":50,"column":6},"end":{"line":50,"column":31}},"26":{"start":{"line":54,"column":2},"end":{"line":77,"column":4}},"27":{"start":{"line":80,"column":0},"end":{"line":80,"column":26}}},"fnMap":{"0":{"name":"(anonymous_0)","decl":{"start":{"line":15,"column":13},"end":{"line":15,"column":14}},"loc":{"start":{"line":15,"column":19},"end":{"line":78,"column":1}},"line":15},"1":{"name":"(anonymous_1)","decl":{"start":{"line":22,"column":24},"end":{"line":22,"column":25}},"loc":{"start":{"line":22,"column":40},"end":{"line":46,"column":3}},"line":22},"2":{"name":"(anonymous_2)","decl":{"start":{"line":48,"column":22},"end":{"line":48,"column":23}},"loc":{"start":{"line":48,"column":28},"end":{"line":52,"column":3}},"line":48}},"branchMap":{"0":{"loc":{"start":{"line":26,"column":4},"end":{"line":29,"column":5}},"type":"if","locations":[{"start":{"line":26,"column":4},"end":{"line":29,"column":5}},{"start":{},"end":{}}],"line":26},"1":{"loc":{"start":{"line":30,"column":4},"end":{"line":32,"column":5}},"type":"if","locations":[{"start":{"line":30,"column":4},"end":{"line":32,"column":5}},{"start":{},"end":{}}],"line":30},"2":{"loc":{"start":{"line":33,"column":4},"end":{"line":35,"column":5}},"type":"if","locations":[{"start":{"line":33,"column":4},"end":{"line":35,"column":5}},{"start":{},"end":{}}],"line":33},"3":{"loc":{"start":{"line":36,"column":4},"end":{"line":38,"column":5}},"type":"if","locations":[{"start":{"line":36,"column":4},"end":{"line":38,"column":5}},{"start":{},"end":{}}],"line":36},"4":{"loc":{"start":{"line":39,"column":4},"end":{"line":42,"column":5}},"type":"if","locations":[{"start":{"line":39,"column":4},"end":{"line":42,"column":5}},{"start":{},"end":{}}],"line":39},"5":{"loc":{"start":{"line":43,"column":4},"end":{"line":45,"column":5}},"type":"if","locations":[{"start":{"line":43,"column":4},"end":{"line":45,"column":5}},{"start":{},"end":{}}],"line":43},"6":{"loc":{"start":{"line":49,"column":4},"end":{"line":51,"column":5}},"type":"if","locations":[{"start":{"line":49,"column":4},"end":{"line":51,"column":5}},{"start":{},"end":{}}],"line":49},"7":{"loc":{"start":{"line":49,"column":8},"end":{"line":49,"column":52}},"type":"binary-expr","locations":[{"start":{"line":49,"column":8},"end":{"line":49,"column":20}},{"start":{"line":49,"column":24},"end":{"line":49,"column":36}},{"start":{"line":49,"column":40},"end":{"line":49,"column":52}}],"line":49}},"s":{"0":2,"1":2,"2":4,"3":4,"4":4,"5":4,"6":4,"7":0,"8":0,"9":0,"10":0,"11":0,"12":0,"13":0,"14":0,"15":0,"16":0,"17":0,"18":0,"19":0,"20":0,"21":0,"22":0,"23":4,"24":0,"25":0,"26":4,"27":2},"f":{"0":4,"1":0,"2":0},"b":{"0":[0,0],"1":[0,0],"2":[0,0],"3":[0,0],"4":[0,0],"5":[0,0],"6":[0,0],"7":[0,0,0]},"_coverageSchema":"1a1c01bbd47fc00a2c39e90264f33305004495a9","hash":"73f454a9556a604792e6bbac5aa9f6f10af6da10"}
,"/Users/arpit/Downloads/bbbc/src/Components/Home/NameSuper/NameSuper.jsx": {"path":"/Users/arpit/Downloads/bbbc/src/Components/Home/NameSuper/NameSuper.jsx","statementMap":{"0":{"start":{"line":8,"column":14},"end":{"line":13,"column":1}},"1":{"start":{"line":9,"column":4},"end":{"line":12,"column":10}},"2":{"start":{"line":15,"column":0},"end":{"line":18,"column":2}},"3":{"start":{"line":20,"column":0},"end":{"line":20,"column":28}}},"fnMap":{"0":{"name":"(anonymous_0)","decl":{"start":{"line":8,"column":14},"end":{"line":8,"column":15}},"loc":{"start":{"line":9,"column":4},"end":{"line":12,"column":10}},"line":9}},"branchMap":{"0":{"loc":{"start":{"line":9,"column":20},"end":{"line":9,"column":69}},"type":"cond-expr","locations":[{"start":{"line":9,"column":44},"end":{"line":9,"column":65}},{"start":{"line":9,"column":67},"end":{"line":9,"column":69}}],"line":9},"1":{"loc":{"start":{"line":9,"column":20},"end":{"line":9,"column":42}},"type":"binary-expr","locations":[{"start":{"line":9,"column":20},"end":{"line":9,"column":29}},{"start":{"line":9,"column":33},"end":{"line":9,"column":42}}],"line":9},"2":{"loc":{"start":{"line":10,"column":23},"end":{"line":10,"column":57}},"type":"binary-expr","locations":[{"start":{"line":10,"column":23},"end":{"line":10,"column":32}},{"start":{"line":10,"column":36},"end":{"line":10,"column":57}}],"line":10},"3":{"loc":{"start":{"line":11,"column":23},"end":{"line":11,"column":57}},"type":"binary-expr","locations":[{"start":{"line":11,"column":23},"end":{"line":11,"column":32}},{"start":{"line":11,"column":36},"end":{"line":11,"column":57}}],"line":11}},"s":{"0":2,"1":4,"2":2,"3":2},"f":{"0":4},"b":{"0":[0,4],"1":[4,4],"2":[4,0],"3":[4,0]},"_coverageSchema":"1a1c01bbd47fc00a2c39e90264f33305004495a9","hash":"db816dbac72e5b8b5e35ae3450d90440617f49c3"}
,"/Users/arpit/Downloads/bbbc/src/Components/Home/Title/Title.jsx": {"path":"/Users/arpit/Downloads/bbbc/src/Components/Home/Title/Title.jsx","statementMap":{"0":{"start":{"line":8,"column":14},"end":{"line":12,"column":1}},"1":{"start":{"line":9,"column":4},"end":{"line":11,"column":10}},"2":{"start":{"line":14,"column":0},"end":{"line":16,"column":2}},"3":{"start":{"line":18,"column":0},"end":{"line":18,"column":28}}},"fnMap":{"0":{"name":"(anonymous_0)","decl":{"start":{"line":8,"column":14},"end":{"line":8,"column":15}},"loc":{"start":{"line":9,"column":4},"end":{"line":11,"column":10}},"line":9}},"branchMap":{},"s":{"0":2,"1":4,"2":2,"3":2},"f":{"0":4},"b":{},"_coverageSchema":"1a1c01bbd47fc00a2c39e90264f33305004495a9","hash":"c09eaab0a5c535e43c62656169738c59f952c793"}
,"/Users/arpit/Downloads/bbbc/src/Components/VideoPlayer/VideoPlayer.jsx": {"path":"/Users/arpit/Downloads/bbbc/src/Components/VideoPlayer/VideoPlayer.jsx","statementMap":{"0":{"start":{"line":6,"column":20},"end":{"line":19,"column":1}},"1":{"start":{"line":7,"column":6},"end":{"line":18,"column":8}},"2":{"start":{"line":17,"column":27},"end":{"line":17,"column":58}},"3":{"start":{"line":21,"column":0},"end":{"line":26,"column":2}},"4":{"start":{"line":28,"column":0},"end":{"line":28,"column":40}}},"fnMap":{"0":{"name":"(anonymous_0)","decl":{"start":{"line":6,"column":20},"end":{"line":6,"column":21}},"loc":{"start":{"line":7,"column":6},"end":{"line":18,"column":8}},"line":7},"1":{"name":"(anonymous_1)","decl":{"start":{"line":17,"column":20},"end":{"line":17,"column":21}},"loc":{"start":{"line":17,"column":27},"end":{"line":17,"column":58}},"line":17}},"branchMap":{},"s":{"0":2,"1":4,"2":0,"3":2,"4":2},"f":{"0":4,"1":0},"b":{},"_coverageSchema":"1a1c01bbd47fc00a2c39e90264f33305004495a9","hash":"b4a1b140e737b44312a28e29d56d68126f01fbe3"}
,"/Users/arpit/Downloads/bbbc/src/constants/const.js": {"path":"/Users/arpit/Downloads/bbbc/src/constants/const.js","statementMap":{"0":{"start":{"line":1,"column":25},"end":{"line":3,"column":1}},"1":{"start":{"line":5,"column":28},"end":{"line":10,"column":1}},"2":{"start":{"line":12,"column":28},"end":{"line":14,"column":1}},"3":{"start":{"line":16,"column":28},"end":{"line":21,"column":1}},"4":{"start":{"line":23,"column":28},"end":{"line":25,"column":1}},"5":{"start":{"line":27,"column":25},"end":{"line":29,"column":1}},"6":{"start":{"line":31,"column":28},"end":{"line":33,"column":1}}},"fnMap":{},"branchMap":{},"s":{"0":2,"1":2,"2":2,"3":2,"4":2,"5":2,"6":2},"f":{},"b":{},"_coverageSchema":"1a1c01bbd47fc00a2c39e90264f33305004495a9","hash":"2336342da7dd2e62dfb38ca3540f79e609e89b0f"}
}
